<?xml version="1.0" encoding="UTF-8"?>
<testng-results skipped="0" failed="0" ignored="0" total="1" passed="1">
  <reporter-output>
  </reporter-output>
  <suite name="Default suite" duration-ms="4821" started-at="2021-04-17T02:15:13 IST" finished-at="2021-04-17T02:15:17 IST">
    <groups>
    </groups>
    <test name="Default test" duration-ms="4821" started-at="2021-04-17T02:15:13 IST" finished-at="2021-04-17T02:15:17 IST">
      <class name="RestAssured.PostRequest">
        <test-method status="PASS" signature="postReq()[pri:0, instance:RestAssured.PostRequest@6ee52dcd]" name="postReq" duration-ms="4750" started-at="2021-04-17T02:15:13 IST" finished-at="2021-04-17T02:15:17 IST">
          <reporter-output>
          </reporter-output>
        </test-method> <!-- postReq -->
      </class> <!-- RestAssured.PostRequest -->
    </test> <!-- Default test -->
  </suite> <!-- Default suite -->
</testng-results>
